Determining if the pthread_create exist failed with the following output:
Change Dir: /home/einar/catkin_ws/build/CMakeFiles/CMakeTmp

Run Build Command:/usr/bin/make "cmTryCompileExec1068592043/fast"
/usr/bin/make -f CMakeFiles/cmTryCompileExec1068592043.dir/build.make CMakeFiles/cmTryCompileExec1068592043.dir/build
make[1]: Entering directory `/home/einar/catkin_ws/build/CMakeFiles/CMakeTmp'
/usr/bin/cmake -E cmake_progress_report /home/einar/catkin_ws/build/CMakeFiles/CMakeTmp/CMakeFiles 1
Building C object CMakeFiles/cmTryCompileExec1068592043.dir/CheckSymbolExists.c.o
/usr/bin/cc    -o CMakeFiles/cmTryCompileExec1068592043.dir/CheckSymbolExists.c.o   -c /home/einar/catkin_ws/build/CMakeFiles/CMakeTmp/CheckSymbolExists.c
Linking C executable cmTryCompileExec1068592043
/usr/bin/cmake -E cmake_link_script CMakeFiles/cmTryCompileExec1068592043.dir/link.txt --verbose=1
/usr/bin/cc       CMakeFiles/cmTryCompileExec1068592043.dir/CheckSymbolExists.c.o  -o cmTryCompileExec1068592043 -rdynamic 
CMakeFiles/cmTryCompileExec1068592043.dir/CheckSymbolExists.c.o: In function `main':
CheckSymbolExists.c:(.text+0x16): undefined reference to `pthread_create'
collect2: error: ld returned 1 exit status
make[1]: Leaving directory `/home/einar/catkin_ws/build/CMakeFiles/CMakeTmp'
make[1]: *** [cmTryCompileExec1068592043] Error 1
make: *** [cmTryCompileExec1068592043/fast] Error 2

File /home/einar/catkin_ws/build/CMakeFiles/CMakeTmp/CheckSymbolExists.c:
/* */
#include <pthread.h>

int main(int argc, char** argv)
{
  (void)argv;
#ifndef pthread_create
  return ((int*)(&pthread_create))[argc];
#else
  (void)argc;
  return 0;
#endif
}

Determining if the function pthread_create exists in the pthreads failed with the following output:
Change Dir: /home/einar/catkin_ws/build/CMakeFiles/CMakeTmp

Run Build Command:/usr/bin/make "cmTryCompileExec2157099372/fast"
/usr/bin/make -f CMakeFiles/cmTryCompileExec2157099372.dir/build.make CMakeFiles/cmTryCompileExec2157099372.dir/build
make[1]: Entering directory `/home/einar/catkin_ws/build/CMakeFiles/CMakeTmp'
/usr/bin/cmake -E cmake_progress_report /home/einar/catkin_ws/build/CMakeFiles/CMakeTmp/CMakeFiles 1
Building C object CMakeFiles/cmTryCompileExec2157099372.dir/CheckFunctionExists.c.o
/usr/bin/cc   -DCHECK_FUNCTION_EXISTS=pthread_create   -o CMakeFiles/cmTryCompileExec2157099372.dir/CheckFunctionExists.c.o   -c /usr/share/cmake-2.8/Modules/CheckFunctionExists.c
Linking C executable cmTryCompileExec2157099372
/usr/bin/cmake -E cmake_link_script CMakeFiles/cmTryCompileExec2157099372.dir/link.txt --verbose=1
/usr/bin/cc   -DCHECK_FUNCTION_EXISTS=pthread_create    CMakeFiles/cmTryCompileExec2157099372.dir/CheckFunctionExists.c.o  -o cmTryCompileExec2157099372 -rdynamic -lpthreads 
/usr/bin/ld: cannot find -lpthreads
collect2: error: ld returned 1 exit status
make[1]: Leaving directory `/home/einar/catkin_ws/build/CMakeFiles/CMakeTmp'
make[1]: *** [cmTryCompileExec2157099372] Error 1
make: *** [cmTryCompileExec2157099372/fast] Error 2


Determining if the function trunc exists failed with the following output:
Change Dir: /home/einar/catkin_ws/build/CMakeFiles/CMakeTmp

Run Build Command:/usr/bin/make "cmTryCompileExec877940911/fast"
/usr/bin/make -f CMakeFiles/cmTryCompileExec877940911.dir/build.make CMakeFiles/cmTryCompileExec877940911.dir/build
make[1]: Entering directory `/home/einar/catkin_ws/build/CMakeFiles/CMakeTmp'
/usr/bin/cmake -E cmake_progress_report /home/einar/catkin_ws/build/CMakeFiles/CMakeTmp/CMakeFiles 1
Building C object CMakeFiles/cmTryCompileExec877940911.dir/CheckFunctionExists.c.o
/usr/bin/cc   -DCHECK_FUNCTION_EXISTS=trunc   -o CMakeFiles/cmTryCompileExec877940911.dir/CheckFunctionExists.c.o   -c /usr/share/cmake-2.8/Modules/CheckFunctionExists.c
<command-line>:0:23: warning: conflicting types for built-in function ‘trunc’ [enabled by default]
/usr/share/cmake-2.8/Modules/CheckFunctionExists.c:3:6: note: in expansion of macro ‘CHECK_FUNCTION_EXISTS’
 char CHECK_FUNCTION_EXISTS();
      ^
Linking C executable cmTryCompileExec877940911
/usr/bin/cmake -E cmake_link_script CMakeFiles/cmTryCompileExec877940911.dir/link.txt --verbose=1
/usr/bin/cc   -DCHECK_FUNCTION_EXISTS=trunc    CMakeFiles/cmTryCompileExec877940911.dir/CheckFunctionExists.c.o  -o cmTryCompileExec877940911 -rdynamic 
CMakeFiles/cmTryCompileExec877940911.dir/CheckFunctionExists.c.o: In function `main':
CheckFunctionExists.c:(.text+0x15): undefined reference to `trunc'
collect2: error: ld returned 1 exit status
make[1]: Leaving directory `/home/einar/catkin_ws/build/CMakeFiles/CMakeTmp'
make[1]: *** [cmTryCompileExec877940911] Error 1
make: *** [cmTryCompileExec877940911/fast] Error 2


Determining if the Q_WS_WIN exist failed with the following output:
Change Dir: /home/einar/catkin_ws/build/CMakeFiles/CMakeTmp

Run Build Command:/usr/bin/make "cmTryCompileExec4187592592/fast"
/usr/bin/make -f CMakeFiles/cmTryCompileExec4187592592.dir/build.make CMakeFiles/cmTryCompileExec4187592592.dir/build
make[1]: Entering directory `/home/einar/catkin_ws/build/CMakeFiles/CMakeTmp'
/usr/bin/cmake -E cmake_progress_report /home/einar/catkin_ws/build/CMakeFiles/CMakeTmp/CMakeFiles 1
Building CXX object CMakeFiles/cmTryCompileExec4187592592.dir/CheckSymbolExists.cxx.o
/usr/bin/c++    -I/usr/include/qt4    -o CMakeFiles/cmTryCompileExec4187592592.dir/CheckSymbolExists.cxx.o -c /home/einar/catkin_ws/build/CMakeFiles/CMakeTmp/CheckSymbolExists.cxx
/home/einar/catkin_ws/build/CMakeFiles/CMakeTmp/CheckSymbolExists.cxx: In function ‘int main(int, char**)’:
/home/einar/catkin_ws/build/CMakeFiles/CMakeTmp/CheckSymbolExists.cxx:8:19: error: ‘Q_WS_WIN’ was not declared in this scope
   return ((int*)(&Q_WS_WIN))[argc];
                   ^
make[1]: Leaving directory `/home/einar/catkin_ws/build/CMakeFiles/CMakeTmp'
make[1]: *** [CMakeFiles/cmTryCompileExec4187592592.dir/CheckSymbolExists.cxx.o] Error 1
make: *** [cmTryCompileExec4187592592/fast] Error 2

File /home/einar/catkin_ws/build/CMakeFiles/CMakeTmp/CheckSymbolExists.cxx:
/* */
#include <QtCore/qglobal.h>

int main(int argc, char** argv)
{
  (void)argv;
#ifndef Q_WS_WIN
  return ((int*)(&Q_WS_WIN))[argc];
#else
  (void)argc;
  return 0;
#endif
}

Determining if the Q_WS_QWS exist failed with the following output:
Change Dir: /home/einar/catkin_ws/build/CMakeFiles/CMakeTmp

Run Build Command:/usr/bin/make "cmTryCompileExec2511347257/fast"
/usr/bin/make -f CMakeFiles/cmTryCompileExec2511347257.dir/build.make CMakeFiles/cmTryCompileExec2511347257.dir/build
make[1]: Entering directory `/home/einar/catkin_ws/build/CMakeFiles/CMakeTmp'
/usr/bin/cmake -E cmake_progress_report /home/einar/catkin_ws/build/CMakeFiles/CMakeTmp/CMakeFiles 1
Building CXX object CMakeFiles/cmTryCompileExec2511347257.dir/CheckSymbolExists.cxx.o
/usr/bin/c++    -I/usr/include/qt4    -o CMakeFiles/cmTryCompileExec2511347257.dir/CheckSymbolExists.cxx.o -c /home/einar/catkin_ws/build/CMakeFiles/CMakeTmp/CheckSymbolExists.cxx
/home/einar/catkin_ws/build/CMakeFiles/CMakeTmp/CheckSymbolExists.cxx: In function ‘int main(int, char**)’:
/home/einar/catkin_ws/build/CMakeFiles/CMakeTmp/CheckSymbolExists.cxx:8:19: error: ‘Q_WS_QWS’ was not declared in this scope
   return ((int*)(&Q_WS_QWS))[argc];
                   ^
make[1]: *** [CMakeFiles/cmTryCompileExec2511347257.dir/CheckSymbolExists.cxx.o] Error 1
make[1]: Leaving directory `/home/einar/catkin_ws/build/CMakeFiles/CMakeTmp'
make: *** [cmTryCompileExec2511347257/fast] Error 2

File /home/einar/catkin_ws/build/CMakeFiles/CMakeTmp/CheckSymbolExists.cxx:
/* */
#include <QtCore/qglobal.h>

int main(int argc, char** argv)
{
  (void)argv;
#ifndef Q_WS_QWS
  return ((int*)(&Q_WS_QWS))[argc];
#else
  (void)argc;
  return 0;
#endif
}

Determining if the Q_WS_MAC exist failed with the following output:
Change Dir: /home/einar/catkin_ws/build/CMakeFiles/CMakeTmp

Run Build Command:/usr/bin/make "cmTryCompileExec3693350318/fast"
/usr/bin/make -f CMakeFiles/cmTryCompileExec3693350318.dir/build.make CMakeFiles/cmTryCompileExec3693350318.dir/build
make[1]: Entering directory `/home/einar/catkin_ws/build/CMakeFiles/CMakeTmp'
/usr/bin/cmake -E cmake_progress_report /home/einar/catkin_ws/build/CMakeFiles/CMakeTmp/CMakeFiles 1
Building CXX object CMakeFiles/cmTryCompileExec3693350318.dir/CheckSymbolExists.cxx.o
/usr/bin/c++    -I/usr/include/qt4    -o CMakeFiles/cmTryCompileExec3693350318.dir/CheckSymbolExists.cxx.o -c /home/einar/catkin_ws/build/CMakeFiles/CMakeTmp/CheckSymbolExists.cxx
/home/einar/catkin_ws/build/CMakeFiles/CMakeTmp/CheckSymbolExists.cxx: In function ‘int main(int, char**)’:
/home/einar/catkin_ws/build/CMakeFiles/CMakeTmp/CheckSymbolExists.cxx:8:19: error: ‘Q_WS_MAC’ was not declared in this scope
   return ((int*)(&Q_WS_MAC))[argc];
                   ^
make[1]: Leaving directory `/home/einar/catkin_ws/build/CMakeFiles/CMakeTmp'
make[1]: *** [CMakeFiles/cmTryCompileExec3693350318.dir/CheckSymbolExists.cxx.o] Error 1
make: *** [cmTryCompileExec3693350318/fast] Error 2

File /home/einar/catkin_ws/build/CMakeFiles/CMakeTmp/CheckSymbolExists.cxx:
/* */
#include <QtCore/qglobal.h>

int main(int argc, char** argv)
{
  (void)argv;
#ifndef Q_WS_MAC
  return ((int*)(&Q_WS_MAC))[argc];
#else
  (void)argc;
  return 0;
#endif
}

