Determining if the pthread_create exist failed with the following output:
Change Dir: /home/saucer/catkin_ws/build/CMakeFiles/CMakeTmp

Run Build Command:/usr/bin/make "cmTryCompileExec544200916/fast"
/usr/bin/make -f CMakeFiles/cmTryCompileExec544200916.dir/build.make CMakeFiles/cmTryCompileExec544200916.dir/build
make[1]: Entering directory `/home/saucer/catkin_ws/build/CMakeFiles/CMakeTmp'
/usr/bin/cmake -E cmake_progress_report /home/saucer/catkin_ws/build/CMakeFiles/CMakeTmp/CMakeFiles 1
Building C object CMakeFiles/cmTryCompileExec544200916.dir/CheckSymbolExists.c.o
/usr/bin/cc    -o CMakeFiles/cmTryCompileExec544200916.dir/CheckSymbolExists.c.o   -c /home/saucer/catkin_ws/build/CMakeFiles/CMakeTmp/CheckSymbolExists.c
Linking C executable cmTryCompileExec544200916
/usr/bin/cmake -E cmake_link_script CMakeFiles/cmTryCompileExec544200916.dir/link.txt --verbose=1
/usr/bin/cc       CMakeFiles/cmTryCompileExec544200916.dir/CheckSymbolExists.c.o  -o cmTryCompileExec544200916 -rdynamic 
CMakeFiles/cmTryCompileExec544200916.dir/CheckSymbolExists.c.o: In function `main':
CheckSymbolExists.c:(.text+0x16): undefined reference to `pthread_create'
collect2: error: ld returned 1 exit status
make[1]: *** [cmTryCompileExec544200916] Error 1
make[1]: Leaving directory `/home/saucer/catkin_ws/build/CMakeFiles/CMakeTmp'
make: *** [cmTryCompileExec544200916/fast] Error 2

File /home/saucer/catkin_ws/build/CMakeFiles/CMakeTmp/CheckSymbolExists.c:
/* */
#include <pthread.h>

int main(int argc, char** argv)
{
  (void)argv;
#ifndef pthread_create
  return ((int*)(&pthread_create))[argc];
#else
  (void)argc;
  return 0;
#endif
}

Determining if the function pthread_create exists in the pthreads failed with the following output:
Change Dir: /home/saucer/catkin_ws/build/CMakeFiles/CMakeTmp

Run Build Command:/usr/bin/make "cmTryCompileExec2673938418/fast"
/usr/bin/make -f CMakeFiles/cmTryCompileExec2673938418.dir/build.make CMakeFiles/cmTryCompileExec2673938418.dir/build
make[1]: Entering directory `/home/saucer/catkin_ws/build/CMakeFiles/CMakeTmp'
/usr/bin/cmake -E cmake_progress_report /home/saucer/catkin_ws/build/CMakeFiles/CMakeTmp/CMakeFiles 1
Building C object CMakeFiles/cmTryCompileExec2673938418.dir/CheckFunctionExists.c.o
/usr/bin/cc   -DCHECK_FUNCTION_EXISTS=pthread_create   -o CMakeFiles/cmTryCompileExec2673938418.dir/CheckFunctionExists.c.o   -c /usr/share/cmake-2.8/Modules/CheckFunctionExists.c
Linking C executable cmTryCompileExec2673938418
/usr/bin/cmake -E cmake_link_script CMakeFiles/cmTryCompileExec2673938418.dir/link.txt --verbose=1
/usr/bin/cc   -DCHECK_FUNCTION_EXISTS=pthread_create    CMakeFiles/cmTryCompileExec2673938418.dir/CheckFunctionExists.c.o  -o cmTryCompileExec2673938418 -rdynamic -lpthreads 
/usr/bin/ld: cannot find -lpthreads
collect2: error: ld returned 1 exit status
make[1]: *** [cmTryCompileExec2673938418] Error 1
make[1]: Leaving directory `/home/saucer/catkin_ws/build/CMakeFiles/CMakeTmp'
make: *** [cmTryCompileExec2673938418/fast] Error 2


